<?xml version="1.0" encoding="UTF-8" standalone="no"?>
<!DOCTYPE log SYSTEM "logger.dtd">
<log>
</log>
<?xml version="1.0" encoding="UTF-8" standalone="no"?>
<!DOCTYPE log SYSTEM "logger.dtd">
<log>
</log>
<?xml version="1.0" encoding="UTF-8" standalone="no"?>
<!DOCTYPE log SYSTEM "logger.dtd">
<log>
</log>
<?xml version="1.0" encoding="UTF-8" standalone="no"?>
<!DOCTYPE log SYSTEM "logger.dtd">
<log>
</log>
<?xml version="1.0" encoding="UTF-8" standalone="no"?>
<!DOCTYPE log SYSTEM "logger.dtd">
<log>
</log>
<?xml version="1.0" encoding="UTF-8" standalone="no"?>
<!DOCTYPE log SYSTEM "logger.dtd">
<log>
</log>
<?xml version="1.0" encoding="UTF-8" standalone="no"?>
<!DOCTYPE log SYSTEM "logger.dtd">
<log>
<record>
  <date>2016-12-11T16:25:11</date>
  <millis>1481469911025</millis>
  <sequence>4</sequence>
  <logger>Logger</logger>
  <level>SEVERE</level>
  <class>logic.misc.CustomLogger</class>
  <method>log</method>
  <thread>1</thread>
  <exception>
    <message>java.lang.NullPointerException</message>
    <frame>
      <class>logic.misc.CustomLogger</class>
      <method>log</method>
      <line>55</line>
    </frame>
    <frame>
      <class>view.server.MainView</class>
      <method>main</method>
      <line>76</line>
    </frame>
    <frame>
      <class>view.server.MainView</class>
      <method>&lt;init&gt;</method>
      <line>20</line>
    </frame>
    <frame>
      <class>Main</class>
      <method>main</method>
      <line>76</line>
    </frame>
    <frame>
      <class>sun.reflect.NativeMethodAccessorImpl</class>
      <method>invoke0</method>
    </frame>
    <frame>
      <class>sun.reflect.NativeMethodAccessorImpl</class>
      <method>invoke</method>
      <line>62</line>
    </frame>
    <frame>
      <class>sun.reflect.DelegatingMethodAccessorImpl</class>
      <method>invoke</method>
      <line>43</line>
    </frame>
    <frame>
      <class>java.lang.reflect.Method</class>
      <method>invoke</method>
      <line>498</line>
    </frame>
    <frame>
      <class>com.intellij.rt.execution.application.AppMain</class>
      <method>main</method>
      <line>147</line>
    </frame>
  </exception>
</record>
</log>
<?xml version="1.0" encoding="UTF-8" standalone="no"?>
<!DOCTYPE log SYSTEM "logger.dtd">
<log>
</log>
<?xml version="1.0" encoding="UTF-8" standalone="no"?>
<!DOCTYPE log SYSTEM "logger.dtd">
<log>
</log>
<?xml version="1.0" encoding="UTF-8" standalone="no"?>
<!DOCTYPE log SYSTEM "logger.dtd">
<log>
<record>
  <date>2016-12-15T20:49:20</date>
  <millis>1481831360247</millis>
  <sequence>4</sequence>
  <logger>Logger</logger>
  <level>SEVERE</level>
  <class>logic.misc.CustomLogger</class>
  <method>log</method>
  <thread>15</thread>
  <message>You have an error in your SQL syntax; check the manual that corresponds to your MySQL server version for the right syntax to use near ''asd "'')' at line 1</message>
  <exception>
    <message>com.mysql.jdbc.exceptions.jdbc4.MySQLSyntaxErrorException: You have an error in your SQL syntax; check the manual that corresponds to your MySQL server version for the right syntax to use near ''asd "'')' at line 1</message>
    <frame>
      <class>sun.reflect.NativeConstructorAccessorImpl</class>
      <method>newInstance0</method>
    </frame>
    <frame>
      <class>sun.reflect.NativeConstructorAccessorImpl</class>
      <method>newInstance</method>
      <line>62</line>
    </frame>
    <frame>
      <class>sun.reflect.DelegatingConstructorAccessorImpl</class>
      <method>newInstance</method>
      <line>45</line>
    </frame>
    <frame>
      <class>java.lang.reflect.Constructor</class>
      <method>newInstance</method>
      <line>423</line>
    </frame>
    <frame>
      <class>com.mysql.jdbc.Util</class>
      <method>handleNewInstance</method>
      <line>425</line>
    </frame>
    <frame>
      <class>com.mysql.jdbc.Util</class>
      <method>getInstance</method>
      <line>408</line>
    </frame>
    <frame>
      <class>com.mysql.jdbc.SQLError</class>
      <method>createSQLException</method>
      <line>943</line>
    </frame>
    <frame>
      <class>com.mysql.jdbc.MysqlIO</class>
      <method>checkErrorPacket</method>
      <line>3970</line>
    </frame>
    <frame>
      <class>com.mysql.jdbc.MysqlIO</class>
      <method>checkErrorPacket</method>
      <line>3906</line>
    </frame>
    <frame>
      <class>com.mysql.jdbc.MysqlIO</class>
      <method>sendCommand</method>
      <line>2524</line>
    </frame>
    <frame>
      <class>com.mysql.jdbc.MysqlIO</class>
      <method>sqlQueryDirect</method>
      <line>2677</line>
    </frame>
    <frame>
      <class>com.mysql.jdbc.ConnectionImpl</class>
      <method>execSQL</method>
      <line>2549</line>
    </frame>
    <frame>
      <class>com.mysql.jdbc.PreparedStatement</class>
      <method>executeInternal</method>
      <line>1861</line>
    </frame>
    <frame>
      <class>com.mysql.jdbc.PreparedStatement</class>
      <method>executeUpdateInternal</method>
      <line>2073</line>
    </frame>
    <frame>
      <class>com.mysql.jdbc.PreparedStatement</class>
      <method>executeUpdateInternal</method>
      <line>2009</line>
    </frame>
    <frame>
      <class>com.mysql.jdbc.PreparedStatement</class>
      <method>executeLargeUpdate</method>
      <line>5098</line>
    </frame>
    <frame>
      <class>com.mysql.jdbc.PreparedStatement</class>
      <method>executeUpdate</method>
      <line>1994</line>
    </frame>
    <frame>
      <class>dal.MYSQLDriver</class>
      <method>updateSQL</method>
      <line>60</line>
    </frame>
    <frame>
      <class>dal.DBWrapper</class>
      <method>insertIntoRecords</method>
      <line>190</line>
    </frame>
    <frame>
      <class>logic.controller.ClientController</class>
      <method>addReview</method>
      <line>37</line>
    </frame>
    <frame>
      <class>view.client.ClientEndpoints</class>
      <method>addReview</method>
      <line>156</line>
    </frame>
    <frame>
      <class>sun.reflect.NativeMethodAccessorImpl</class>
      <method>invoke0</method>
    </frame>
    <frame>
      <class>sun.reflect.NativeMethodAccessorImpl</class>
      <method>invoke</method>
      <line>62</line>
    </frame>
    <frame>
      <class>sun.reflect.DelegatingMethodAccessorImpl</class>
      <method>invoke</method>
      <line>43</line>
    </frame>
    <frame>
      <class>java.lang.reflect.Method</class>
      <method>invoke</method>
      <line>498</line>
    </frame>
    <frame>
      <class>com.sun.jersey.spi.container.JavaMethodInvokerFactory$1</class>
      <method>invoke</method>
      <line>60</line>
    </frame>
    <frame>
      <class>com.sun.jersey.server.impl.model.method.dispatch.AbstractResourceMethodDispatchProvider$ResponseOutInvoker</class>
      <method>_dispatch</method>
      <line>205</line>
    </frame>
    <frame>
      <class>com.sun.jersey.server.impl.model.method.dispatch.ResourceJavaMethodDispatcher</class>
      <method>dispatch</method>
      <line>75</line>
    </frame>
    <frame>
      <class>com.sun.jersey.server.impl.uri.rules.HttpMethodRule</class>
      <method>accept</method>
      <line>302</line>
    </frame>
    <frame>
      <class>com.sun.jersey.server.impl.uri.rules.RightHandPathRule</class>
      <method>accept</method>
      <line>147</line>
    </frame>
    <frame>
      <class>com.sun.jersey.server.impl.uri.rules.ResourceClassRule</class>
      <method>accept</method>
      <line>108</line>
    </frame>
    <frame>
      <class>com.sun.jersey.server.impl.uri.rules.RightHandPathRule</class>
      <method>accept</method>
      <line>147</line>
    </frame>
    <frame>
      <class>com.sun.jersey.server.impl.uri.rules.RootResourceClassesRule</class>
      <method>accept</method>
      <line>84</line>
    </frame>
    <frame>
      <class>com.sun.jersey.server.impl.application.WebApplicationImpl</class>
      <method>_handleRequest</method>
      <line>1542</line>
    </frame>
    <frame>
      <class>com.sun.jersey.server.impl.application.WebApplicationImpl</class>
      <method>_handleRequest</method>
      <line>1473</line>
    </frame>
    <frame>
      <class>com.sun.jersey.server.impl.application.WebApplicationImpl</class>
      <method>handleRequest</method>
      <line>1419</line>
    </frame>
    <frame>
      <class>com.sun.jersey.server.impl.application.WebApplicationImpl</class>
      <method>handleRequest</method>
      <line>1409</line>
    </frame>
    <frame>
      <class>com.sun.jersey.server.impl.container.httpserver.HttpHandlerContainer</class>
      <method>handle</method>
      <line>191</line>
    </frame>
    <frame>
      <class>com.sun.net.httpserver.Filter$Chain</class>
      <method>doFilter</method>
      <line>79</line>
    </frame>
    <frame>
      <class>sun.net.httpserver.AuthFilter</class>
      <method>doFilter</method>
      <line>83</line>
    </frame>
    <frame>
      <class>com.sun.net.httpserver.Filter$Chain</class>
      <method>doFilter</method>
      <line>82</line>
    </frame>
    <frame>
      <class>sun.net.httpserver.ServerImpl$Exchange$LinkHandler</class>
      <method>handle</method>
      <line>675</line>
    </frame>
    <frame>
      <class>com.sun.net.httpserver.Filter$Chain</class>
      <method>doFilter</method>
      <line>79</line>
    </frame>
    <frame>
      <class>sun.net.httpserver.ServerImpl$Exchange</class>
      <method>run</method>
      <line>647</line>
    </frame>
    <frame>
      <class>java.util.concurrent.ThreadPoolExecutor</class>
      <method>runWorker</method>
      <line>1142</line>
    </frame>
    <frame>
      <class>java.util.concurrent.ThreadPoolExecutor$Worker</class>
      <method>run</method>
      <line>617</line>
    </frame>
    <frame>
      <class>java.lang.Thread</class>
      <method>run</method>
      <line>745</line>
    </frame>
  </exception>
</record>
</log>
<?xml version="1.0" encoding="UTF-8" standalone="no"?>
<!DOCTYPE log SYSTEM "logger.dtd">
<log>
<record>
  <date>2016-12-15T20:49:55</date>
  <millis>1481831395762</millis>
  <sequence>5</sequence>
  <logger>Logger</logger>
  <level>SEVERE</level>
  <class>logic.misc.CustomLogger</class>
  <method>log</method>
  <thread>80</thread>
  <message>You have an error in your SQL syntax; check the manual that corresponds to your MySQL server version for the right syntax to use near ''sad'')' at line 1</message>
  <exception>
    <message>com.mysql.jdbc.exceptions.jdbc4.MySQLSyntaxErrorException: You have an error in your SQL syntax; check the manual that corresponds to your MySQL server version for the right syntax to use near ''sad'')' at line 1</message>
    <frame>
      <class>sun.reflect.NativeConstructorAccessorImpl</class>
      <method>newInstance0</method>
    </frame>
    <frame>
      <class>sun.reflect.NativeConstructorAccessorImpl</class>
      <method>newInstance</method>
      <line>62</line>
    </frame>
    <frame>
      <class>sun.reflect.DelegatingConstructorAccessorImpl</class>
      <method>newInstance</method>
      <line>45</line>
    </frame>
    <frame>
      <class>java.lang.reflect.Constructor</class>
      <method>newInstance</method>
      <line>423</line>
    </frame>
    <frame>
      <class>com.mysql.jdbc.Util</class>
      <method>handleNewInstance</method>
      <line>425</line>
    </frame>
    <frame>
      <class>com.mysql.jdbc.Util</class>
      <method>getInstance</method>
      <line>408</line>
    </frame>
    <frame>
      <class>com.mysql.jdbc.SQLError</class>
      <method>createSQLException</method>
      <line>943</line>
    </frame>
    <frame>
      <class>com.mysql.jdbc.MysqlIO</class>
      <method>checkErrorPacket</method>
      <line>3970</line>
    </frame>
    <frame>
      <class>com.mysql.jdbc.MysqlIO</class>
      <method>checkErrorPacket</method>
      <line>3906</line>
    </frame>
    <frame>
      <class>com.mysql.jdbc.MysqlIO</class>
      <method>sendCommand</method>
      <line>2524</line>
    </frame>
    <frame>
      <class>com.mysql.jdbc.MysqlIO</class>
      <method>sqlQueryDirect</method>
      <line>2677</line>
    </frame>
    <frame>
      <class>com.mysql.jdbc.ConnectionImpl</class>
      <method>execSQL</method>
      <line>2549</line>
    </frame>
    <frame>
      <class>com.mysql.jdbc.PreparedStatement</class>
      <method>executeInternal</method>
      <line>1861</line>
    </frame>
    <frame>
      <class>com.mysql.jdbc.PreparedStatement</class>
      <method>executeUpdateInternal</method>
      <line>2073</line>
    </frame>
    <frame>
      <class>com.mysql.jdbc.PreparedStatement</class>
      <method>executeUpdateInternal</method>
      <line>2009</line>
    </frame>
    <frame>
      <class>com.mysql.jdbc.PreparedStatement</class>
      <method>executeLargeUpdate</method>
      <line>5098</line>
    </frame>
    <frame>
      <class>com.mysql.jdbc.PreparedStatement</class>
      <method>executeUpdate</method>
      <line>1994</line>
    </frame>
    <frame>
      <class>dal.MYSQLDriver</class>
      <method>updateSQL</method>
      <line>60</line>
    </frame>
    <frame>
      <class>dal.DBWrapper</class>
      <method>insertIntoRecords</method>
      <line>190</line>
    </frame>
    <frame>
      <class>logic.controller.ClientController</class>
      <method>addReview</method>
      <line>37</line>
    </frame>
    <frame>
      <class>view.client.ClientEndpoints</class>
      <method>addReview</method>
      <line>156</line>
    </frame>
    <frame>
      <class>sun.reflect.NativeMethodAccessorImpl</class>
      <method>invoke0</method>
    </frame>
    <frame>
      <class>sun.reflect.NativeMethodAccessorImpl</class>
      <method>invoke</method>
      <line>62</line>
    </frame>
    <frame>
      <class>sun.reflect.DelegatingMethodAccessorImpl</class>
      <method>invoke</method>
      <line>43</line>
    </frame>
    <frame>
      <class>java.lang.reflect.Method</class>
      <method>invoke</method>
      <line>498</line>
    </frame>
    <frame>
      <class>com.sun.jersey.spi.container.JavaMethodInvokerFactory$1</class>
      <method>invoke</method>
      <line>60</line>
    </frame>
    <frame>
      <class>com.sun.jersey.server.impl.model.method.dispatch.AbstractResourceMethodDispatchProvider$ResponseOutInvoker</class>
      <method>_dispatch</method>
      <line>205</line>
    </frame>
    <frame>
      <class>com.sun.jersey.server.impl.model.method.dispatch.ResourceJavaMethodDispatcher</class>
      <method>dispatch</method>
      <line>75</line>
    </frame>
    <frame>
      <class>com.sun.jersey.server.impl.uri.rules.HttpMethodRule</class>
      <method>accept</method>
      <line>302</line>
    </frame>
    <frame>
      <class>com.sun.jersey.server.impl.uri.rules.RightHandPathRule</class>
      <method>accept</method>
      <line>147</line>
    </frame>
    <frame>
      <class>com.sun.jersey.server.impl.uri.rules.ResourceClassRule</class>
      <method>accept</method>
      <line>108</line>
    </frame>
    <frame>
      <class>com.sun.jersey.server.impl.uri.rules.RightHandPathRule</class>
      <method>accept</method>
      <line>147</line>
    </frame>
    <frame>
      <class>com.sun.jersey.server.impl.uri.rules.RootResourceClassesRule</class>
      <method>accept</method>
      <line>84</line>
    </frame>
    <frame>
      <class>com.sun.jersey.server.impl.application.WebApplicationImpl</class>
      <method>_handleRequest</method>
      <line>1542</line>
    </frame>
    <frame>
      <class>com.sun.jersey.server.impl.application.WebApplicationImpl</class>
      <method>_handleRequest</method>
      <line>1473</line>
    </frame>
    <frame>
      <class>com.sun.jersey.server.impl.application.WebApplicationImpl</class>
      <method>handleRequest</method>
      <line>1419</line>
    </frame>
    <frame>
      <class>com.sun.jersey.server.impl.application.WebApplicationImpl</class>
      <method>handleRequest</method>
      <line>1409</line>
    </frame>
    <frame>
      <class>com.sun.jersey.server.impl.container.httpserver.HttpHandlerContainer</class>
      <method>handle</method>
      <line>191</line>
    </frame>
    <frame>
      <class>com.sun.net.httpserver.Filter$Chain</class>
      <method>doFilter</method>
      <line>79</line>
    </frame>
    <frame>
      <class>sun.net.httpserver.AuthFilter</class>
      <method>doFilter</method>
      <line>83</line>
    </frame>
    <frame>
      <class>com.sun.net.httpserver.Filter$Chain</class>
      <method>doFilter</method>
      <line>82</line>
    </frame>
    <frame>
      <class>sun.net.httpserver.ServerImpl$Exchange$LinkHandler</class>
      <method>handle</method>
      <line>675</line>
    </frame>
    <frame>
      <class>com.sun.net.httpserver.Filter$Chain</class>
      <method>doFilter</method>
      <line>79</line>
    </frame>
    <frame>
      <class>sun.net.httpserver.ServerImpl$Exchange</class>
      <method>run</method>
      <line>647</line>
    </frame>
    <frame>
      <class>java.util.concurrent.ThreadPoolExecutor</class>
      <method>runWorker</method>
      <line>1142</line>
    </frame>
    <frame>
      <class>java.util.concurrent.ThreadPoolExecutor$Worker</class>
      <method>run</method>
      <line>617</line>
    </frame>
    <frame>
      <class>java.lang.Thread</class>
      <method>run</method>
      <line>745</line>
    </frame>
  </exception>
</record>
</log>
<?xml version="1.0" encoding="UTF-8" standalone="no"?>
<!DOCTYPE log SYSTEM "logger.dtd">
<log>
<record>
  <date>2016-12-15T20:50:52</date>
  <millis>1481831452152</millis>
  <sequence>6</sequence>
  <logger>Logger</logger>
  <level>SEVERE</level>
  <class>logic.misc.CustomLogger</class>
  <method>log</method>
  <thread>80</thread>
  <message>You have an error in your SQL syntax; check the manual that corresponds to your MySQL server version for the right syntax to use near '; select * from user;')' at line 1</message>
  <exception>
    <message>com.mysql.jdbc.exceptions.jdbc4.MySQLSyntaxErrorException: You have an error in your SQL syntax; check the manual that corresponds to your MySQL server version for the right syntax to use near '; select * from user;')' at line 1</message>
    <frame>
      <class>sun.reflect.NativeConstructorAccessorImpl</class>
      <method>newInstance0</method>
    </frame>
    <frame>
      <class>sun.reflect.NativeConstructorAccessorImpl</class>
      <method>newInstance</method>
      <line>62</line>
    </frame>
    <frame>
      <class>sun.reflect.DelegatingConstructorAccessorImpl</class>
      <method>newInstance</method>
      <line>45</line>
    </frame>
    <frame>
      <class>java.lang.reflect.Constructor</class>
      <method>newInstance</method>
      <line>423</line>
    </frame>
    <frame>
      <class>com.mysql.jdbc.Util</class>
      <method>handleNewInstance</method>
      <line>425</line>
    </frame>
    <frame>
      <class>com.mysql.jdbc.Util</class>
      <method>getInstance</method>
      <line>408</line>
    </frame>
    <frame>
      <class>com.mysql.jdbc.SQLError</class>
      <method>createSQLException</method>
      <line>943</line>
    </frame>
    <frame>
      <class>com.mysql.jdbc.MysqlIO</class>
      <method>checkErrorPacket</method>
      <line>3970</line>
    </frame>
    <frame>
      <class>com.mysql.jdbc.MysqlIO</class>
      <method>checkErrorPacket</method>
      <line>3906</line>
    </frame>
    <frame>
      <class>com.mysql.jdbc.MysqlIO</class>
      <method>sendCommand</method>
      <line>2524</line>
    </frame>
    <frame>
      <class>com.mysql.jdbc.MysqlIO</class>
      <method>sqlQueryDirect</method>
      <line>2677</line>
    </frame>
    <frame>
      <class>com.mysql.jdbc.ConnectionImpl</class>
      <method>execSQL</method>
      <line>2549</line>
    </frame>
    <frame>
      <class>com.mysql.jdbc.PreparedStatement</class>
      <method>executeInternal</method>
      <line>1861</line>
    </frame>
    <frame>
      <class>com.mysql.jdbc.PreparedStatement</class>
      <method>executeUpdateInternal</method>
      <line>2073</line>
    </frame>
    <frame>
      <class>com.mysql.jdbc.PreparedStatement</class>
      <method>executeUpdateInternal</method>
      <line>2009</line>
    </frame>
    <frame>
      <class>com.mysql.jdbc.PreparedStatement</class>
      <method>executeLargeUpdate</method>
      <line>5098</line>
    </frame>
    <frame>
      <class>com.mysql.jdbc.PreparedStatement</class>
      <method>executeUpdate</method>
      <line>1994</line>
    </frame>
    <frame>
      <class>dal.MYSQLDriver</class>
      <method>updateSQL</method>
      <line>60</line>
    </frame>
    <frame>
      <class>dal.DBWrapper</class>
      <method>insertIntoRecords</method>
      <line>190</line>
    </frame>
    <frame>
      <class>logic.controller.ClientController</class>
      <method>addReview</method>
      <line>37</line>
    </frame>
    <frame>
      <class>view.client.ClientEndpoints</class>
      <method>addReview</method>
      <line>156</line>
    </frame>
    <frame>
      <class>sun.reflect.NativeMethodAccessorImpl</class>
      <method>invoke0</method>
    </frame>
    <frame>
      <class>sun.reflect.NativeMethodAccessorImpl</class>
      <method>invoke</method>
      <line>62</line>
    </frame>
    <frame>
      <class>sun.reflect.DelegatingMethodAccessorImpl</class>
      <method>invoke</method>
      <line>43</line>
    </frame>
    <frame>
      <class>java.lang.reflect.Method</class>
      <method>invoke</method>
      <line>498</line>
    </frame>
    <frame>
      <class>com.sun.jersey.spi.container.JavaMethodInvokerFactory$1</class>
      <method>invoke</method>
      <line>60</line>
    </frame>
    <frame>
      <class>com.sun.jersey.server.impl.model.method.dispatch.AbstractResourceMethodDispatchProvider$ResponseOutInvoker</class>
      <method>_dispatch</method>
      <line>205</line>
    </frame>
    <frame>
      <class>com.sun.jersey.server.impl.model.method.dispatch.ResourceJavaMethodDispatcher</class>
      <method>dispatch</method>
      <line>75</line>
    </frame>
    <frame>
      <class>com.sun.jersey.server.impl.uri.rules.HttpMethodRule</class>
      <method>accept</method>
      <line>302</line>
    </frame>
    <frame>
      <class>com.sun.jersey.server.impl.uri.rules.RightHandPathRule</class>
      <method>accept</method>
      <line>147</line>
    </frame>
    <frame>
      <class>com.sun.jersey.server.impl.uri.rules.ResourceClassRule</class>
      <method>accept</method>
      <line>108</line>
    </frame>
    <frame>
      <class>com.sun.jersey.server.impl.uri.rules.RightHandPathRule</class>
      <method>accept</method>
      <line>147</line>
    </frame>
    <frame>
      <class>com.sun.jersey.server.impl.uri.rules.RootResourceClassesRule</class>
      <method>accept</method>
      <line>84</line>
    </frame>
    <frame>
      <class>com.sun.jersey.server.impl.application.WebApplicationImpl</class>
      <method>_handleRequest</method>
      <line>1542</line>
    </frame>
    <frame>
      <class>com.sun.jersey.server.impl.application.WebApplicationImpl</class>
      <method>_handleRequest</method>
      <line>1473</line>
    </frame>
    <frame>
      <class>com.sun.jersey.server.impl.application.WebApplicationImpl</class>
      <method>handleRequest</method>
      <line>1419</line>
    </frame>
    <frame>
      <class>com.sun.jersey.server.impl.application.WebApplicationImpl</class>
      <method>handleRequest</method>
      <line>1409</line>
    </frame>
    <frame>
      <class>com.sun.jersey.server.impl.container.httpserver.HttpHandlerContainer</class>
      <method>handle</method>
      <line>191</line>
    </frame>
    <frame>
      <class>com.sun.net.httpserver.Filter$Chain</class>
      <method>doFilter</method>
      <line>79</line>
    </frame>
    <frame>
      <class>sun.net.httpserver.AuthFilter</class>
      <method>doFilter</method>
      <line>83</line>
    </frame>
    <frame>
      <class>com.sun.net.httpserver.Filter$Chain</class>
      <method>doFilter</method>
      <line>82</line>
    </frame>
    <frame>
      <class>sun.net.httpserver.ServerImpl$Exchange$LinkHandler</class>
      <method>handle</method>
      <line>675</line>
    </frame>
    <frame>
      <class>com.sun.net.httpserver.Filter$Chain</class>
      <method>doFilter</method>
      <line>79</line>
    </frame>
    <frame>
      <class>sun.net.httpserver.ServerImpl$Exchange</class>
      <method>run</method>
      <line>647</line>
    </frame>
    <frame>
      <class>java.util.concurrent.ThreadPoolExecutor</class>
      <method>runWorker</method>
      <line>1142</line>
    </frame>
    <frame>
      <class>java.util.concurrent.ThreadPoolExecutor$Worker</class>
      <method>run</method>
      <line>617</line>
    </frame>
    <frame>
      <class>java.lang.Thread</class>
      <method>run</method>
      <line>745</line>
    </frame>
  </exception>
</record>
</log>
<?xml version="1.0" encoding="UTF-8" standalone="no"?>
<!DOCTYPE log SYSTEM "logger.dtd">
<log>
<record>
  <date>2016-12-15T20:51:17</date>
  <millis>1481831477598</millis>
  <sequence>7</sequence>
  <logger>Logger</logger>
  <level>SEVERE</level>
  <class>logic.misc.CustomLogger</class>
  <method>log</method>
  <thread>80</thread>
  <message>You have an error in your SQL syntax; check the manual that corresponds to your MySQL server version for the right syntax to use near 'select * from user;')' at line 1</message>
  <exception>
    <message>com.mysql.jdbc.exceptions.jdbc4.MySQLSyntaxErrorException: You have an error in your SQL syntax; check the manual that corresponds to your MySQL server version for the right syntax to use near 'select * from user;')' at line 1</message>
    <frame>
      <class>sun.reflect.NativeConstructorAccessorImpl</class>
      <method>newInstance0</method>
    </frame>
    <frame>
      <class>sun.reflect.NativeConstructorAccessorImpl</class>
      <method>newInstance</method>
      <line>62</line>
    </frame>
    <frame>
      <class>sun.reflect.DelegatingConstructorAccessorImpl</class>
      <method>newInstance</method>
      <line>45</line>
    </frame>
    <frame>
      <class>java.lang.reflect.Constructor</class>
      <method>newInstance</method>
      <line>423</line>
    </frame>
    <frame>
      <class>com.mysql.jdbc.Util</class>
      <method>handleNewInstance</method>
      <line>425</line>
    </frame>
    <frame>
      <class>com.mysql.jdbc.Util</class>
      <method>getInstance</method>
      <line>408</line>
    </frame>
    <frame>
      <class>com.mysql.jdbc.SQLError</class>
      <method>createSQLException</method>
      <line>943</line>
    </frame>
    <frame>
      <class>com.mysql.jdbc.MysqlIO</class>
      <method>checkErrorPacket</method>
      <line>3970</line>
    </frame>
    <frame>
      <class>com.mysql.jdbc.MysqlIO</class>
      <method>checkErrorPacket</method>
      <line>3906</line>
    </frame>
    <frame>
      <class>com.mysql.jdbc.MysqlIO</class>
      <method>sendCommand</method>
      <line>2524</line>
    </frame>
    <frame>
      <class>com.mysql.jdbc.MysqlIO</class>
      <method>sqlQueryDirect</method>
      <line>2677</line>
    </frame>
    <frame>
      <class>com.mysql.jdbc.ConnectionImpl</class>
      <method>execSQL</method>
      <line>2549</line>
    </frame>
    <frame>
      <class>com.mysql.jdbc.PreparedStatement</class>
      <method>executeInternal</method>
      <line>1861</line>
    </frame>
    <frame>
      <class>com.mysql.jdbc.PreparedStatement</class>
      <method>executeUpdateInternal</method>
      <line>2073</line>
    </frame>
    <frame>
      <class>com.mysql.jdbc.PreparedStatement</class>
      <method>executeUpdateInternal</method>
      <line>2009</line>
    </frame>
    <frame>
      <class>com.mysql.jdbc.PreparedStatement</class>
      <method>executeLargeUpdate</method>
      <line>5098</line>
    </frame>
    <frame>
      <class>com.mysql.jdbc.PreparedStatement</class>
      <method>executeUpdate</method>
      <line>1994</line>
    </frame>
    <frame>
      <class>dal.MYSQLDriver</class>
      <method>updateSQL</method>
      <line>60</line>
    </frame>
    <frame>
      <class>dal.DBWrapper</class>
      <method>insertIntoRecords</method>
      <line>190</line>
    </frame>
    <frame>
      <class>logic.controller.ClientController</class>
      <method>addReview</method>
      <line>37</line>
    </frame>
    <frame>
      <class>view.client.ClientEndpoints</class>
      <method>addReview</method>
      <line>156</line>
    </frame>
    <frame>
      <class>sun.reflect.NativeMethodAccessorImpl</class>
      <method>invoke0</method>
    </frame>
    <frame>
      <class>sun.reflect.NativeMethodAccessorImpl</class>
      <method>invoke</method>
      <line>62</line>
    </frame>
    <frame>
      <class>sun.reflect.DelegatingMethodAccessorImpl</class>
      <method>invoke</method>
      <line>43</line>
    </frame>
    <frame>
      <class>java.lang.reflect.Method</class>
      <method>invoke</method>
      <line>498</line>
    </frame>
    <frame>
      <class>com.sun.jersey.spi.container.JavaMethodInvokerFactory$1</class>
      <method>invoke</method>
      <line>60</line>
    </frame>
    <frame>
      <class>com.sun.jersey.server.impl.model.method.dispatch.AbstractResourceMethodDispatchProvider$ResponseOutInvoker</class>
      <method>_dispatch</method>
      <line>205</line>
    </frame>
    <frame>
      <class>com.sun.jersey.server.impl.model.method.dispatch.ResourceJavaMethodDispatcher</class>
      <method>dispatch</method>
      <line>75</line>
    </frame>
    <frame>
      <class>com.sun.jersey.server.impl.uri.rules.HttpMethodRule</class>
      <method>accept</method>
      <line>302</line>
    </frame>
    <frame>
      <class>com.sun.jersey.server.impl.uri.rules.RightHandPathRule</class>
      <method>accept</method>
      <line>147</line>
    </frame>
    <frame>
      <class>com.sun.jersey.server.impl.uri.rules.ResourceClassRule</class>
      <method>accept</method>
      <line>108</line>
    </frame>
    <frame>
      <class>com.sun.jersey.server.impl.uri.rules.RightHandPathRule</class>
      <method>accept</method>
      <line>147</line>
    </frame>
    <frame>
      <class>com.sun.jersey.server.impl.uri.rules.RootResourceClassesRule</class>
      <method>accept</method>
      <line>84</line>
    </frame>
    <frame>
      <class>com.sun.jersey.server.impl.application.WebApplicationImpl</class>
      <method>_handleRequest</method>
      <line>1542</line>
    </frame>
    <frame>
      <class>com.sun.jersey.server.impl.application.WebApplicationImpl</class>
      <method>_handleRequest</method>
      <line>1473</line>
    </frame>
    <frame>
      <class>com.sun.jersey.server.impl.application.WebApplicationImpl</class>
      <method>handleRequest</method>
      <line>1419</line>
    </frame>
    <frame>
      <class>com.sun.jersey.server.impl.application.WebApplicationImpl</class>
      <method>handleRequest</method>
      <line>1409</line>
    </frame>
    <frame>
      <class>com.sun.jersey.server.impl.container.httpserver.HttpHandlerContainer</class>
      <method>handle</method>
      <line>191</line>
    </frame>
    <frame>
      <class>com.sun.net.httpserver.Filter$Chain</class>
      <method>doFilter</method>
      <line>79</line>
    </frame>
    <frame>
      <class>sun.net.httpserver.AuthFilter</class>
      <method>doFilter</method>
      <line>83</line>
    </frame>
    <frame>
      <class>com.sun.net.httpserver.Filter$Chain</class>
      <method>doFilter</method>
      <line>82</line>
    </frame>
    <frame>
      <class>sun.net.httpserver.ServerImpl$Exchange$LinkHandler</class>
      <method>handle</method>
      <line>675</line>
    </frame>
    <frame>
      <class>com.sun.net.httpserver.Filter$Chain</class>
      <method>doFilter</method>
      <line>79</line>
    </frame>
    <frame>
      <class>sun.net.httpserver.ServerImpl$Exchange</class>
      <method>run</method>
      <line>647</line>
    </frame>
    <frame>
      <class>java.util.concurrent.ThreadPoolExecutor</class>
      <method>runWorker</method>
      <line>1142</line>
    </frame>
    <frame>
      <class>java.util.concurrent.ThreadPoolExecutor$Worker</class>
      <method>run</method>
      <line>617</line>
    </frame>
    <frame>
      <class>java.lang.Thread</class>
      <method>run</method>
      <line>745</line>
    </frame>
  </exception>
</record>
</log>
